<?xml version="1.0" encoding="UTF-8"?>
<testsuite xmlns:xsi="http://www.w3.org/2001/XMLSchema-instance" xsi:noNamespaceSchemaLocation="https://maven.apache.org/surefire/maven-surefire-plugin/xsd/surefire-test-report-3.0.xsd" version="3.0" name="Setupclass.TestRunner" time="72.782" tests="1" errors="0" skipped="0" failures="0">
  <properties>
[...]
</properties>
  <testcase name="SLI search facebook login test" classname="SLI search facebook login" time="64.83">
    <system-out><![CDATA[Bname=====https://www.slidegeeks.com/
config browser = chrome
setProperty browser = chrome

@SLI_Search_with_facebook_Paid
Scenario: SLI search facebook login test                        &amp#27;[90m# src/test/java/Features/SLI_search_facebook_paid_login.feature:4&amp#27;[0m
  &amp#27;[32mGiven &amp#27;[0m&amp#27;[32mUser is home page_vii&amp#27;[0m                                   &amp#27;[90m# StepDefination.SLI_search_facebook_paid_login.user_is_home_page_vii()&amp#27;[0m
facebook button clicked
  &amp#27;[32mThen &amp#27;[0m&amp#27;[32muser will clicks on the sign in with Facebook button_vii&amp#27;[0m &amp#27;[90m# StepDefination.SLI_search_facebook_paid_login.user_will_clicks_on_the_sign_in_with_facebook_button_vii()&amp#27;[0m
  &amp#27;[32mAnd &amp#27;[0m&amp#27;[32muser enters the username and password_vii&amp#27;[0m                 &amp#27;[90m# StepDefination.SLI_search_facebook_paid_login.user_enters_the_username_and_password_vii()&amp#27;[0m
  &amp#27;[32mThen &amp#27;[0m&amp#27;[32menter keyword in search field_vii&amp#27;[0m                        &amp#27;[90m# StepDefination.SLI_search_facebook_paid_login.enter_keyword_in_search_field_vii()&amp#27;[0m
  &amp#27;[32mThen &amp#27;[0m&amp#27;[32muser selects and download the PPT_vii&amp#27;[0m                    &amp#27;[90m# StepDefination.SLI_search_facebook_paid_login.user_selects_and_download_the_ppt()&amp#27;[0m
  &amp#27;[32mThen &amp#27;[0m&amp#27;[32muser clicks on the Logout page_vii&amp#27;[0m                       &amp#27;[90m# StepDefination.SLI_search_facebook_paid_login.user_clicks_on_the_logout_page_vii()&amp#27;[0m
]]></system-out>
    <system-err><![CDATA[Jan 28, 2023 10:00:04 PM io.cucumber.core.runtime.FeaturePathFeatureSupplier$FeatureBuilder addUnique
SEVERE: Duplicate feature found: file:///D:/Selenium%20Live%20Projects/slidegeeksLoginTest/./target/test-classes/Features/Facebook_existing_paid_login.feature was identical to file:///D:/Selenium%20Live%20Projects/slidegeeksLoginTest/./src/test/java/Features/Facebook_existing_paid_login.feature

This typically happens when you configure cucumber to look for features in the root of your project.
Your build tool creates a copy of these features in a 'target' or 'build'directory.

If your features are on the class path consider using a class path URI.
For example: 'classpath:com/example/app.feature'
Otherwise you'll have to provide a more specific location
Jan 28, 2023 10:00:04 PM io.cucumber.core.runtime.FeaturePathFeatureSupplier$FeatureBuilder addUnique
SEVERE: Duplicate feature found: file:///D:/Selenium%20Live%20Projects/slidegeeksLoginTest/./target/test-classes/Features/Facebook_free_login.feature was identical to file:///D:/Selenium%20Live%20Projects/slidegeeksLoginTest/./src/test/java/Features/Facebook_free_login.feature

This typically happens when you configure cucumber to look for features in the root of your project.
Your build tool creates a copy of these features in a 'target' or 'build'directory.

If your features are on the class path consider using a class path URI.
For example: 'classpath:com/example/app.feature'
Otherwise you'll have to provide a more specific location
Jan 28, 2023 10:00:04 PM io.cucumber.core.runtime.FeaturePathFeatureSupplier$FeatureBuilder addUnique
SEVERE: Duplicate feature found: file:///D:/Selenium%20Live%20Projects/slidegeeksLoginTest/./target/test-classes/Features/Facebook_paid_Login.feature was identical to file:///D:/Selenium%20Live%20Projects/slidegeeksLoginTest/./src/test/java/Features/Facebook_paid_Login.feature

This typically happens when you configure cucumber to look for features in the root of your project.
Your build tool creates a copy of these features in a 'target' or 'build'directory.

If your features are on the class path consider using a class path URI.
For example: 'classpath:com/example/app.feature'
Otherwise you'll have to provide a more specific location
Jan 28, 2023 10:00:04 PM io.cucumber.core.runtime.FeaturePathFeatureSupplier$FeatureBuilder addUnique
SEVERE: Duplicate feature found: file:///D:/Selenium%20Live%20Projects/slidegeeksLoginTest/./target/test-classes/Features/Google_existing_paid_login.feature was identical to file:///D:/Selenium%20Live%20Projects/slidegeeksLoginTest/./src/test/java/Features/Google_existing_paid_login.feature

This typically happens when you configure cucumber to look for features in the root of your project.
Your build tool creates a copy of these features in a 'target' or 'build'directory.

If your features are on the class path consider using a class path URI.
For example: 'classpath:com/example/app.feature'
Otherwise you'll have to provide a more specific location
Jan 28, 2023 10:00:04 PM io.cucumber.core.runtime.FeaturePathFeatureSupplier$FeatureBuilder addUnique
SEVERE: Duplicate feature found: file:///D:/Selenium%20Live%20Projects/slidegeeksLoginTest/./target/test-classes/Features/Google_free_login.feature was identical to file:///D:/Selenium%20Live%20Projects/slidegeeksLoginTest/./src/test/java/Features/Google_free_login.feature

This typically happens when you configure cucumber to look for features in the root of your project.
Your build tool creates a copy of these features in a 'target' or 'build'directory.

If your features are on the class path consider using a class path URI.
For example: 'classpath:com/example/app.feature'
Otherwise you'll have to provide a more specific location
Jan 28, 2023 10:00:04 PM io.cucumber.core.runtime.FeaturePathFeatureSupplier$FeatureBuilder addUnique
SEVERE: Duplicate feature found: file:///D:/Selenium%20Live%20Projects/slidegeeksLoginTest/./target/test-classes/Features/Google_paid_Login.feature was identical to file:///D:/Selenium%20Live%20Projects/slidegeeksLoginTest/./src/test/java/Features/Google_paid_Login.feature

This typically happens when you configure cucumber to look for features in the root of your project.
Your build tool creates a copy of these features in a 'target' or 'build'directory.

If your features are on the class path consider using a class path URI.
For example: 'classpath:com/example/app.feature'
Otherwise you'll have to provide a more specific location
Jan 28, 2023 10:00:04 PM io.cucumber.core.runtime.FeaturePathFeatureSupplier$FeatureBuilder addUnique
SEVERE: Duplicate feature found: file:///D:/Selenium%20Live%20Projects/slidegeeksLoginTest/./target/test-classes/Features/Normal_paid_login.feature was identical to file:///D:/Selenium%20Live%20Projects/slidegeeksLoginTest/./src/test/java/Features/Normal_paid_login.feature

This typically happens when you configure cucumber to look for features in the root of your project.
Your build tool creates a copy of these features in a 'target' or 'build'directory.

If your features are on the class path consider using a class path URI.
For example: 'classpath:com/example/app.feature'
Otherwise you'll have to provide a more specific location
Jan 28, 2023 10:00:04 PM io.cucumber.core.runtime.FeaturePathFeatureSupplier$FeatureBuilder addUnique
SEVERE: Duplicate feature found: file:///D:/Selenium%20Live%20Projects/slidegeeksLoginTest/./target/test-classes/Features/SLI_search_facebook_paid_login.feature was identical to file:///D:/Selenium%20Live%20Projects/slidegeeksLoginTest/./src/test/java/Features/SLI_search_facebook_paid_login.feature

This typically happens when you configure cucumber to look for features in the root of your project.
Your build tool creates a copy of these features in a 'target' or 'build'directory.

If your features are on the class path consider using a class path URI.
For example: 'classpath:com/example/app.feature'
Otherwise you'll have to provide a more specific location
Jan 28, 2023 10:00:04 PM io.cucumber.core.runtime.FeaturePathFeatureSupplier$FeatureBuilder addUnique
SEVERE: Duplicate feature found: file:///D:/Selenium%20Live%20Projects/slidegeeksLoginTest/./target/test-classes/Features/SLI_search_google_paid_login.feature was identical to file:///D:/Selenium%20Live%20Projects/slidegeeksLoginTest/./src/test/java/Features/SLI_search_google_paid_login.feature

This typically happens when you configure cucumber to look for features in the root of your project.
Your build tool creates a copy of these features in a 'target' or 'build'directory.

If your features are on the class path consider using a class path URI.
For example: 'classpath:com/example/app.feature'
Otherwise you'll have to provide a more specific location
[main] INFO io.github.bonigarcia.wdm.WebDriverManager - Using chromedriver 109.0.5414.74 (resolved driver for Chrome 109)
[main] INFO io.github.bonigarcia.wdm.WebDriverManager - Exporting webdriver.chrome.driver as C:\Users\SLIDE QA\.cache\selenium\chromedriver\win32\109.0.5414.74\chromedriver.exe
Starting ChromeDriver 109.0.5414.74 (e7c5703604daa9cc128ccf5a5d3e993513758913-refs/branch-heads/5414@{#1172}) on port 12397
Only local connections are allowed.
Please see https://chromedriver.chromium.org/security-considerations for suggestions on keeping ChromeDriver safe.
ChromeDriver was started successfully.
Jan 28, 2023 10:00:06 PM org.openqa.selenium.remote.ProtocolHandshake createSession
INFO: Detected dialect: W3C
log4j:WARN No appenders could be found for logger (org.junit.BeforeClass).
log4j:WARN Please initialize the log4j system properly.
log4j:WARN See http://logging.apache.org/log4j/1.2/faq.html#noconfig for more info.
]]></system-err>
  </testcase>
</testsuite>